<?xml version="1.0" encoding="UTF-8"?>
<coverage generated="1710939506310" clover="3.2.0">
  <project timestamp="1710939506310" name="All files">
    <metrics statements="68" coveredstatements="63" conditionals="40" coveredconditionals="34" methods="21" coveredmethods="20" elements="129" coveredelements="117" complexity="0" loc="68" ncloc="68" packages="2" files="6" classes="6"/>
    <package name="formatters">
      <metrics statements="39" coveredstatements="35" conditionals="26" coveredconditionals="22" methods="14" coveredmethods="13"/>
      <file name="index.js" path="/home/ilyar/frontend-project-46/formatters/index.js">
        <metrics statements="6" coveredstatements="4" conditionals="4" coveredconditionals="2" methods="1" coveredmethods="1"/>
        <line num="5" count="1" type="stmt"/>
        <line num="6" count="4" type="cond" truecount="2" falsecount="2"/>
        <line num="8" count="2" type="stmt"/>
        <line num="10" count="2" type="stmt"/>
        <line num="12" count="0" type="stmt"/>
        <line num="14" count="0" type="stmt"/>
      </file>
      <file name="json.js" path="/home/ilyar/frontend-project-46/formatters/json.js">
        <metrics statements="1" coveredstatements="0" conditionals="0" coveredconditionals="0" methods="1" coveredmethods="0"/>
        <line num="1" count="0" type="stmt"/>
      </file>
      <file name="plain.js" path="/home/ilyar/frontend-project-46/formatters/plain.js">
        <metrics statements="17" coveredstatements="17" conditionals="12" coveredconditionals="12" methods="5" coveredmethods="5"/>
        <line num="3" count="1" type="stmt"/>
        <line num="4" count="2" type="stmt"/>
        <line num="5" count="26" type="cond" truecount="2" falsecount="0"/>
        <line num="6" count="6" type="stmt"/>
        <line num="8" count="20" type="cond" truecount="2" falsecount="0"/>
        <line num="9" count="14" type="stmt"/>
        <line num="11" count="6" type="stmt"/>
        <line num="14" count="10" type="cond" truecount="1" falsecount="0"/>
        <line num="16" count="36" type="cond" truecount="2" falsecount="0"/>
        <line num="17" count="36" type="cond" truecount="5" falsecount="0"/>
        <line num="19" count="10" type="stmt"/>
        <line num="21" count="4" type="stmt"/>
        <line num="23" count="8" type="stmt"/>
        <line num="25" count="8" type="stmt"/>
        <line num="27" count="6" type="stmt"/>
        <line num="30" count="36" type="stmt"/>
        <line num="33" count="2" type="stmt"/>
      </file>
      <file name="stylish.js" path="/home/ilyar/frontend-project-46/formatters/stylish.js">
        <metrics statements="15" coveredstatements="14" conditionals="10" coveredconditionals="8" methods="7" coveredmethods="7"/>
        <line num="3" count="1" type="stmt"/>
        <line num="10" count="76" type="stmt"/>
        <line num="12" count="1" type="cond" truecount="0" falsecount="1"/>
        <line num="13" count="54" type="cond" truecount="2" falsecount="0"/>
        <line num="14" count="18" type="stmt"/>
        <line num="15" count="14" type="stmt"/>
        <line num="18" count="1" type="cond" truecount="1" falsecount="0"/>
        <line num="21" count="36" type="stmt"/>
        <line num="22" count="36" type="stmt"/>
        <line num="24" count="36" type="cond" truecount="5" falsecount="1"/>
        <line num="28" count="20" type="stmt"/>
        <line num="30" count="8" type="stmt"/>
        <line num="32" count="28" type="stmt"/>
        <line num="34" count="0" type="stmt"/>
        <line num="38" count="8" type="stmt"/>
      </file>
    </package>
    <package name="src">
      <metrics statements="29" coveredstatements="28" conditionals="14" coveredconditionals="12" methods="7" coveredmethods="7"/>
      <file name="index.js" path="/home/ilyar/frontend-project-46/src/index.js">
        <metrics statements="24" coveredstatements="24" conditionals="11" coveredconditionals="10" methods="6" coveredmethods="6"/>
        <line num="7" count="8" type="stmt"/>
        <line num="8" count="8" type="stmt"/>
        <line num="9" count="8" type="stmt"/>
        <line num="11" count="1" type="stmt"/>
        <line num="12" count="20" type="stmt"/>
        <line num="13" count="20" type="stmt"/>
        <line num="15" count="20" type="stmt"/>
        <line num="17" count="20" type="stmt"/>
        <line num="18" count="72" type="cond" truecount="2" falsecount="0"/>
        <line num="19" count="20" type="stmt"/>
        <line num="20" count="52" type="cond" truecount="2" falsecount="0"/>
        <line num="21" count="8" type="stmt"/>
        <line num="22" count="44" type="cond" truecount="4" falsecount="0"/>
        <line num="23" count="16" type="stmt"/>
        <line num="24" count="28" type="cond" truecount="2" falsecount="0"/>
        <line num="25" count="16" type="stmt"/>
        <line num="29" count="12" type="stmt"/>
        <line num="33" count="1" type="cond" truecount="0" falsecount="1"/>
        <line num="34" count="4" type="stmt"/>
        <line num="35" count="4" type="stmt"/>
        <line num="36" count="4" type="stmt"/>
        <line num="37" count="4" type="stmt"/>
        <line num="38" count="4" type="stmt"/>
        <line num="39" count="4" type="stmt"/>
      </file>
      <file name="parser.js" path="/home/ilyar/frontend-project-46/src/parser.js">
        <metrics statements="5" coveredstatements="4" conditionals="3" coveredconditionals="2" methods="1" coveredmethods="1"/>
        <line num="3" count="1" type="stmt"/>
        <line num="4" count="8" type="cond" truecount="2" falsecount="1"/>
        <line num="6" count="4" type="stmt"/>
        <line num="8" count="4" type="stmt"/>
        <line num="10" count="0" type="stmt"/>
      </file>
    </package>
  </project>
</coverage>
