{"/home/ilyar/frontend-project-46/formatters/index.js": {"path":"/home/ilyar/frontend-project-46/formatters/index.js","statementMap":{"0":{"start":{"line":5,"column":15},"end":{"line":16,"column":1}},"1":{"start":{"line":6,"column":2},"end":{"line":15,"column":3}},"2":{"start":{"line":8,"column":6},"end":{"line":8,"column":40}},"3":{"start":{"line":10,"column":6},"end":{"line":10,"column":38}},"4":{"start":{"line":12,"column":6},"end":{"line":12,"column":37}},"5":{"start":{"line":14,"column":6},"end":{"line":14,"column":55}}},"fnMap":{"0":{"name":"(anonymous_0)","decl":{"start":{"line":5,"column":15},"end":{"line":5,"column":16}},"loc":{"start":{"line":5,"column":44},"end":{"line":16,"column":1}},"line":5}},"branchMap":{"0":{"loc":{"start":{"line":6,"column":2},"end":{"line":15,"column":3}},"type":"switch","locations":[{"start":{"line":7,"column":4},"end":{"line":8,"column":40}},{"start":{"line":9,"column":4},"end":{"line":10,"column":38}},{"start":{"line":11,"column":4},"end":{"line":12,"column":37}},{"start":{"line":13,"column":4},"end":{"line":14,"column":55}}],"line":6}},"s":{"0":1,"1":4,"2":2,"3":2,"4":0,"5":0},"f":{"0":4},"b":{"0":[2,2,0,0]},"_coverageSchema":"1a1c01bbd47fc00a2c39e90264f33305004495a9","hash":"6d1fab07510ce4cc31054d18a66ff217fac662a8"}
,"/home/ilyar/frontend-project-46/formatters/json.js": {"path":"/home/ilyar/frontend-project-46/formatters/json.js","statementMap":{"0":{"start":{"line":1,"column":25},"end":{"line":1,"column":45}}},"fnMap":{"0":{"name":"(anonymous_0)","decl":{"start":{"line":1,"column":15},"end":{"line":1,"column":16}},"loc":{"start":{"line":1,"column":25},"end":{"line":1,"column":45}},"line":1}},"branchMap":{},"s":{"0":0},"f":{"0":0},"b":{},"_coverageSchema":"1a1c01bbd47fc00a2c39e90264f33305004495a9","hash":"d01e02f555c415aef063f4162136c443e39c5e41"}
,"/home/ilyar/frontend-project-46/formatters/plain.js": {"path":"/home/ilyar/frontend-project-46/formatters/plain.js","statementMap":{"0":{"start":{"line":3,"column":20},"end":{"line":34,"column":1}},"1":{"start":{"line":4,"column":22},"end":{"line":12,"column":3}},"2":{"start":{"line":5,"column":4},"end":{"line":7,"column":5}},"3":{"start":{"line":6,"column":6},"end":{"line":6,"column":31}},"4":{"start":{"line":8,"column":4},"end":{"line":10,"column":5}},"5":{"start":{"line":9,"column":6},"end":{"line":9,"column":26}},"6":{"start":{"line":11,"column":4},"end":{"line":11,"column":17}},"7":{"start":{"line":14,"column":15},"end":{"line":31,"column":15}},"8":{"start":{"line":14,"column":36},"end":{"line":31,"column":15}},"9":{"start":{"line":16,"column":26},"end":{"line":16,"column":65}},"10":{"start":{"line":17,"column":6},"end":{"line":28,"column":7}},"11":{"start":{"line":19,"column":10},"end":{"line":19,"column":94}},"12":{"start":{"line":21,"column":10},"end":{"line":21,"column":57}},"13":{"start":{"line":23,"column":10},"end":{"line":23,"column":131}},"14":{"start":{"line":25,"column":10},"end":{"line":25,"column":50}},"15":{"start":{"line":27,"column":10},"end":{"line":27,"column":22}},"16":{"start":{"line":30,"column":22},"end":{"line":30,"column":35}},"17":{"start":{"line":33,"column":2},"end":{"line":33,"column":20}}},"fnMap":{"0":{"name":"(anonymous_0)","decl":{"start":{"line":3,"column":20},"end":{"line":3,"column":21}},"loc":{"start":{"line":3,"column":30},"end":{"line":34,"column":1}},"line":3},"1":{"name":"(anonymous_1)","decl":{"start":{"line":4,"column":22},"end":{"line":4,"column":23}},"loc":{"start":{"line":4,"column":33},"end":{"line":12,"column":3}},"line":4},"2":{"name":"(anonymous_2)","decl":{"start":{"line":14,"column":15},"end":{"line":14,"column":16}},"loc":{"start":{"line":14,"column":36},"end":{"line":31,"column":15}},"line":14},"3":{"name":"(anonymous_3)","decl":{"start":{"line":15,"column":9},"end":{"line":15,"column":10}},"loc":{"start":{"line":15,"column":19},"end":{"line":29,"column":5}},"line":15},"4":{"name":"(anonymous_4)","decl":{"start":{"line":30,"column":12},"end":{"line":30,"column":13}},"loc":{"start":{"line":30,"column":22},"end":{"line":30,"column":35}},"line":30}},"branchMap":{"0":{"loc":{"start":{"line":5,"column":4},"end":{"line":7,"column":5}},"type":"if","locations":[{"start":{"line":5,"column":4},"end":{"line":7,"column":5}},{"start":{},"end":{}}],"line":5},"1":{"loc":{"start":{"line":8,"column":4},"end":{"line":10,"column":5}},"type":"if","locations":[{"start":{"line":8,"column":4},"end":{"line":10,"column":5}},{"start":{},"end":{}}],"line":8},"2":{"loc":{"start":{"line":14,"column":22},"end":{"line":14,"column":31}},"type":"default-arg","locations":[{"start":{"line":14,"column":29},"end":{"line":14,"column":31}}],"line":14},"3":{"loc":{"start":{"line":16,"column":26},"end":{"line":16,"column":65}},"type":"cond-expr","locations":[{"start":{"line":16,"column":33},"end":{"line":16,"column":54}},{"start":{"line":16,"column":57},"end":{"line":16,"column":65}}],"line":16},"4":{"loc":{"start":{"line":17,"column":6},"end":{"line":28,"column":7}},"type":"switch","locations":[{"start":{"line":18,"column":8},"end":{"line":19,"column":94}},{"start":{"line":20,"column":8},"end":{"line":21,"column":57}},{"start":{"line":22,"column":8},"end":{"line":23,"column":131}},{"start":{"line":24,"column":8},"end":{"line":25,"column":50}},{"start":{"line":26,"column":8},"end":{"line":27,"column":22}}],"line":17}},"s":{"0":1,"1":2,"2":26,"3":6,"4":20,"5":14,"6":6,"7":2,"8":10,"9":36,"10":36,"11":10,"12":4,"13":8,"14":8,"15":6,"16":36,"17":2},"f":{"0":2,"1":26,"2":10,"3":36,"4":36},"b":{"0":[6,20],"1":[14,6],"2":[2],"3":[28,8],"4":[10,4,8,8,6]},"_coverageSchema":"1a1c01bbd47fc00a2c39e90264f33305004495a9","hash":"5120c7ae1141680a4ec4f2a3319b674384b41d65"}
,"/home/ilyar/frontend-project-46/formatters/stylish.js": {"path":"/home/ilyar/frontend-project-46/formatters/stylish.js","statementMap":{"0":{"start":{"line":3,"column":16},"end":{"line":8,"column":1}},"1":{"start":{"line":10,"column":19},"end":{"line":10,"column":55}},"2":{"start":{"line":10,"column":30},"end":{"line":10,"column":55}},"3":{"start":{"line":12,"column":18},"end":{"line":16,"column":1}},"4":{"start":{"line":13,"column":2},"end":{"line":13,"column":39}},"5":{"start":{"line":13,"column":26},"end":{"line":13,"column":39}},"6":{"start":{"line":14,"column":16},"end":{"line":14,"column":123}},"7":{"start":{"line":14,"column":58},"end":{"line":14,"column":122}},"8":{"start":{"line":15,"column":2},"end":{"line":15,"column":59}},"9":{"start":{"line":18,"column":19},"end":{"line":36,"column":1}},"10":{"start":{"line":21,"column":6},"end":{"line":21,"column":11}},"11":{"start":{"line":22,"column":17},"end":{"line":22,"column":34}},"12":{"start":{"line":24,"column":2},"end":{"line":35,"column":3}},"13":{"start":{"line":28,"column":6},"end":{"line":28,"column":82}},"14":{"start":{"line":30,"column":6},"end":{"line":30,"column":151}},"15":{"start":{"line":32,"column":6},"end":{"line":32,"column":142}},"16":{"start":{"line":32,"column":76},"end":{"line":32,"column":102}},"17":{"start":{"line":34,"column":6},"end":{"line":34,"column":47}},"18":{"start":{"line":38,"column":25},"end":{"line":38,"column":85}},"19":{"start":{"line":38,"column":51},"end":{"line":38,"column":68}}},"fnMap":{"0":{"name":"(anonymous_0)","decl":{"start":{"line":10,"column":19},"end":{"line":10,"column":20}},"loc":{"start":{"line":10,"column":30},"end":{"line":10,"column":55}},"line":10},"1":{"name":"(anonymous_1)","decl":{"start":{"line":12,"column":18},"end":{"line":12,"column":19}},"loc":{"start":{"line":12,"column":40},"end":{"line":16,"column":1}},"line":12},"2":{"name":"(anonymous_2)","decl":{"start":{"line":14,"column":42},"end":{"line":14,"column":43}},"loc":{"start":{"line":14,"column":58},"end":{"line":14,"column":122}},"line":14},"3":{"name":"(anonymous_3)","decl":{"start":{"line":18,"column":19},"end":{"line":18,"column":20}},"loc":{"start":{"line":18,"column":41},"end":{"line":36,"column":1}},"line":18},"4":{"name":"(anonymous_4)","decl":{"start":{"line":32,"column":67},"end":{"line":32,"column":68}},"loc":{"start":{"line":32,"column":76},"end":{"line":32,"column":102}},"line":32},"5":{"name":"(anonymous_5)","decl":{"start":{"line":38,"column":15},"end":{"line":38,"column":16}},"loc":{"start":{"line":38,"column":25},"end":{"line":38,"column":85}},"line":38},"6":{"name":"(anonymous_6)","decl":{"start":{"line":38,"column":40},"end":{"line":38,"column":41}},"loc":{"start":{"line":38,"column":51},"end":{"line":38,"column":68}},"line":38}},"branchMap":{"0":{"loc":{"start":{"line":12,"column":26},"end":{"line":12,"column":35}},"type":"default-arg","locations":[{"start":{"line":12,"column":34},"end":{"line":12,"column":35}}],"line":12},"1":{"loc":{"start":{"line":13,"column":2},"end":{"line":13,"column":39}},"type":"if","locations":[{"start":{"line":13,"column":2},"end":{"line":13,"column":39}},{"start":{},"end":{}}],"line":13},"2":{"loc":{"start":{"line":18,"column":27},"end":{"line":18,"column":36}},"type":"default-arg","locations":[{"start":{"line":18,"column":35},"end":{"line":18,"column":36}}],"line":18},"3":{"loc":{"start":{"line":24,"column":2},"end":{"line":35,"column":3}},"type":"switch","locations":[{"start":{"line":25,"column":4},"end":{"line":25,"column":17}},{"start":{"line":26,"column":4},"end":{"line":26,"column":19}},{"start":{"line":27,"column":4},"end":{"line":28,"column":82}},{"start":{"line":29,"column":4},"end":{"line":30,"column":151}},{"start":{"line":31,"column":4},"end":{"line":32,"column":142}},{"start":{"line":33,"column":4},"end":{"line":34,"column":47}}],"line":24}},"s":{"0":1,"1":1,"2":76,"3":1,"4":54,"5":40,"6":14,"7":18,"8":14,"9":1,"10":36,"11":36,"12":36,"13":20,"14":8,"15":8,"16":28,"17":0,"18":2,"19":8},"f":{"0":76,"1":54,"2":18,"3":36,"4":28,"5":2,"6":8},"b":{"0":[0],"1":[40,14],"2":[8],"3":[10,14,20,8,8,0]},"_coverageSchema":"1a1c01bbd47fc00a2c39e90264f33305004495a9","hash":"7ae6962da481e8e25a0d087a0445f3e667e700d0"}
,"/home/ilyar/frontend-project-46/src/index.js": {"path":"/home/ilyar/frontend-project-46/src/index.js","statementMap":{"0":{"start":{"line":7,"column":24},"end":{"line":7,"column":75}},"1":{"start":{"line":7,"column":38},"end":{"line":7,"column":75}},"2":{"start":{"line":8,"column":17},"end":{"line":8,"column":82}},"3":{"start":{"line":8,"column":31},"end":{"line":8,"column":82}},"4":{"start":{"line":9,"column":18},"end":{"line":9,"column":63}},"5":{"start":{"line":9,"column":32},"end":{"line":9,"column":63}},"6":{"start":{"line":11,"column":24},"end":{"line":31,"column":1}},"7":{"start":{"line":12,"column":20},"end":{"line":12,"column":39}},"8":{"start":{"line":13,"column":21},"end":{"line":13,"column":40}},"9":{"start":{"line":15,"column":18},"end":{"line":15,"column":58}},"10":{"start":{"line":17,"column":2},"end":{"line":30,"column":5}},"11":{"start":{"line":18,"column":4},"end":{"line":20,"column":5}},"12":{"start":{"line":19,"column":6},"end":{"line":19,"column":56}},"13":{"start":{"line":20,"column":6},"end":{"line":22,"column":5}},"14":{"start":{"line":21,"column":6},"end":{"line":21,"column":58}},"15":{"start":{"line":22,"column":6},"end":{"line":24,"column":5}},"16":{"start":{"line":23,"column":6},"end":{"line":23,"column":90}},"17":{"start":{"line":24,"column":6},"end":{"line":28,"column":5}},"18":{"start":{"line":25,"column":6},"end":{"line":27,"column":8}},"19":{"start":{"line":29,"column":4},"end":{"line":29,"column":58}},"20":{"start":{"line":33,"column":16},"end":{"line":40,"column":1}},"21":{"start":{"line":34,"column":18},"end":{"line":34,"column":33}},"22":{"start":{"line":35,"column":18},"end":{"line":35,"column":33}},"23":{"start":{"line":36,"column":26},"end":{"line":36,"column":62}},"24":{"start":{"line":37,"column":27},"end":{"line":37,"column":63}},"25":{"start":{"line":38,"column":17},"end":{"line":38,"column":67}},"26":{"start":{"line":39,"column":2},"end":{"line":39,"column":36}}},"fnMap":{"0":{"name":"(anonymous_0)","decl":{"start":{"line":7,"column":24},"end":{"line":7,"column":25}},"loc":{"start":{"line":7,"column":38},"end":{"line":7,"column":75}},"line":7},"1":{"name":"(anonymous_1)","decl":{"start":{"line":8,"column":17},"end":{"line":8,"column":18}},"loc":{"start":{"line":8,"column":31},"end":{"line":8,"column":82}},"line":8},"2":{"name":"(anonymous_2)","decl":{"start":{"line":9,"column":18},"end":{"line":9,"column":19}},"loc":{"start":{"line":9,"column":32},"end":{"line":9,"column":63}},"line":9},"3":{"name":"(anonymous_3)","decl":{"start":{"line":11,"column":24},"end":{"line":11,"column":25}},"loc":{"start":{"line":11,"column":44},"end":{"line":31,"column":1}},"line":11},"4":{"name":"(anonymous_4)","decl":{"start":{"line":17,"column":21},"end":{"line":17,"column":22}},"loc":{"start":{"line":17,"column":30},"end":{"line":30,"column":3}},"line":17},"5":{"name":"(anonymous_5)","decl":{"start":{"line":33,"column":16},"end":{"line":33,"column":17}},"loc":{"start":{"line":33,"column":58},"end":{"line":40,"column":1}},"line":33}},"branchMap":{"0":{"loc":{"start":{"line":18,"column":4},"end":{"line":20,"column":5}},"type":"if","locations":[{"start":{"line":18,"column":4},"end":{"line":20,"column":5}},{"start":{},"end":{}}],"line":18},"1":{"loc":{"start":{"line":20,"column":6},"end":{"line":22,"column":5}},"type":"if","locations":[{"start":{"line":20,"column":6},"end":{"line":22,"column":5}},{"start":{},"end":{}}],"line":20},"2":{"loc":{"start":{"line":22,"column":6},"end":{"line":24,"column":5}},"type":"if","locations":[{"start":{"line":22,"column":6},"end":{"line":24,"column":5}},{"start":{},"end":{}}],"line":22},"3":{"loc":{"start":{"line":22,"column":10},"end":{"line":22,"column":60}},"type":"binary-expr","locations":[{"start":{"line":22,"column":10},"end":{"line":22,"column":33}},{"start":{"line":22,"column":37},"end":{"line":22,"column":60}}],"line":22},"4":{"loc":{"start":{"line":24,"column":6},"end":{"line":28,"column":5}},"type":"if","locations":[{"start":{"line":24,"column":6},"end":{"line":28,"column":5}},{"start":{},"end":{}}],"line":24},"5":{"loc":{"start":{"line":33,"column":31},"end":{"line":33,"column":53}},"type":"default-arg","locations":[{"start":{"line":33,"column":44},"end":{"line":33,"column":53}}],"line":33}},"s":{"0":1,"1":8,"2":1,"3":8,"4":1,"5":8,"6":1,"7":20,"8":20,"9":20,"10":20,"11":72,"12":20,"13":52,"14":8,"15":44,"16":16,"17":28,"18":16,"19":12,"20":1,"21":4,"22":4,"23":4,"24":4,"25":4,"26":4},"f":{"0":8,"1":8,"2":8,"3":20,"4":72,"5":4},"b":{"0":[20,52],"1":[8,44],"2":[16,28],"3":[44,20],"4":[16,12],"5":[0]},"_coverageSchema":"1a1c01bbd47fc00a2c39e90264f33305004495a9","hash":"1c671f2fa59837366079612dc0f584090e055be3"}
,"/home/ilyar/frontend-project-46/src/parser.js": {"path":"/home/ilyar/frontend-project-46/src/parser.js","statementMap":{"0":{"start":{"line":3,"column":18},"end":{"line":12,"column":1}},"1":{"start":{"line":4,"column":2},"end":{"line":11,"column":3}},"2":{"start":{"line":6,"column":6},"end":{"line":6,"column":30}},"3":{"start":{"line":8,"column":6},"end":{"line":8,"column":29}},"4":{"start":{"line":10,"column":6},"end":{"line":10,"column":54}}},"fnMap":{"0":{"name":"(anonymous_0)","decl":{"start":{"line":3,"column":18},"end":{"line":3,"column":19}},"loc":{"start":{"line":3,"column":36},"end":{"line":12,"column":1}},"line":3}},"branchMap":{"0":{"loc":{"start":{"line":4,"column":2},"end":{"line":11,"column":3}},"type":"switch","locations":[{"start":{"line":5,"column":4},"end":{"line":6,"column":30}},{"start":{"line":7,"column":4},"end":{"line":8,"column":29}},{"start":{"line":9,"column":4},"end":{"line":10,"column":54}}],"line":4}},"s":{"0":1,"1":8,"2":4,"3":4,"4":0},"f":{"0":8},"b":{"0":[4,4,0]},"_coverageSchema":"1a1c01bbd47fc00a2c39e90264f33305004495a9","hash":"7e5bb880dba58a4fdd56b7a64f025e383efe1a4e"}
}
