{"/home/ilyar/frontend-project-46/src/index.js": {"path":"/home/ilyar/frontend-project-46/src/index.js","statementMap":{"0":{"start":{"line":6,"column":24},"end":{"line":6,"column":75}},"1":{"start":{"line":6,"column":38},"end":{"line":6,"column":75}},"2":{"start":{"line":7,"column":17},"end":{"line":7,"column":82}},"3":{"start":{"line":7,"column":31},"end":{"line":7,"column":82}},"4":{"start":{"line":8,"column":18},"end":{"line":8,"column":63}},"5":{"start":{"line":8,"column":32},"end":{"line":8,"column":63}},"6":{"start":{"line":10,"column":18},"end":{"line":19,"column":1}},"7":{"start":{"line":11,"column":2},"end":{"line":18,"column":3}},"8":{"start":{"line":13,"column":6},"end":{"line":13,"column":44}},"9":{"start":{"line":15,"column":6},"end":{"line":15,"column":43}},"10":{"start":{"line":17,"column":6},"end":{"line":17,"column":54}},"11":{"start":{"line":21,"column":27},"end":{"line":44,"column":1}},"12":{"start":{"line":22,"column":20},"end":{"line":22,"column":39}},"13":{"start":{"line":23,"column":21},"end":{"line":23,"column":40}},"14":{"start":{"line":25,"column":18},"end":{"line":25,"column":58}},"15":{"start":{"line":27,"column":15},"end":{"line":39,"column":8}},"16":{"start":{"line":28,"column":4},"end":{"line":37,"column":5}},"17":{"start":{"line":29,"column":6},"end":{"line":29,"column":38}},"18":{"start":{"line":30,"column":11},"end":{"line":37,"column":5}},"19":{"start":{"line":31,"column":6},"end":{"line":31,"column":38}},"20":{"start":{"line":32,"column":11},"end":{"line":37,"column":5}},"21":{"start":{"line":33,"column":6},"end":{"line":33,"column":38}},"22":{"start":{"line":34,"column":6},"end":{"line":34,"column":38}},"23":{"start":{"line":36,"column":6},"end":{"line":36,"column":38}},"24":{"start":{"line":38,"column":4},"end":{"line":38,"column":15}},"25":{"start":{"line":41,"column":24},"end":{"line":41,"column":97}},"26":{"start":{"line":41,"column":67},"end":{"line":41,"column":85}},"27":{"start":{"line":43,"column":2},"end":{"line":43,"column":34}},"28":{"start":{"line":46,"column":16},"end":{"line":52,"column":1}},"29":{"start":{"line":47,"column":26},"end":{"line":47,"column":42}},"30":{"start":{"line":48,"column":27},"end":{"line":48,"column":43}},"31":{"start":{"line":50,"column":21},"end":{"line":50,"column":74}},"32":{"start":{"line":51,"column":2},"end":{"line":51,"column":20}}},"fnMap":{"0":{"name":"(anonymous_0)","decl":{"start":{"line":6,"column":24},"end":{"line":6,"column":25}},"loc":{"start":{"line":6,"column":38},"end":{"line":6,"column":75}},"line":6},"1":{"name":"(anonymous_1)","decl":{"start":{"line":7,"column":17},"end":{"line":7,"column":18}},"loc":{"start":{"line":7,"column":31},"end":{"line":7,"column":82}},"line":7},"2":{"name":"(anonymous_2)","decl":{"start":{"line":8,"column":18},"end":{"line":8,"column":19}},"loc":{"start":{"line":8,"column":32},"end":{"line":8,"column":63}},"line":8},"3":{"name":"(anonymous_3)","decl":{"start":{"line":10,"column":18},"end":{"line":10,"column":19}},"loc":{"start":{"line":10,"column":32},"end":{"line":19,"column":1}},"line":10},"4":{"name":"(anonymous_4)","decl":{"start":{"line":21,"column":27},"end":{"line":21,"column":28}},"loc":{"start":{"line":21,"column":47},"end":{"line":44,"column":1}},"line":21},"5":{"name":"(anonymous_5)","decl":{"start":{"line":27,"column":30},"end":{"line":27,"column":31}},"loc":{"start":{"line":27,"column":44},"end":{"line":39,"column":3}},"line":27},"6":{"name":"(anonymous_6)","decl":{"start":{"line":41,"column":49},"end":{"line":41,"column":50}},"loc":{"start":{"line":41,"column":67},"end":{"line":41,"column":85}},"line":41},"7":{"name":"(anonymous_7)","decl":{"start":{"line":46,"column":16},"end":{"line":46,"column":17}},"loc":{"start":{"line":46,"column":34},"end":{"line":52,"column":1}},"line":46}},"branchMap":{"0":{"loc":{"start":{"line":11,"column":2},"end":{"line":18,"column":3}},"type":"switch","locations":[{"start":{"line":12,"column":4},"end":{"line":13,"column":44}},{"start":{"line":14,"column":4},"end":{"line":15,"column":43}},{"start":{"line":16,"column":4},"end":{"line":17,"column":54}}],"line":11},"1":{"loc":{"start":{"line":28,"column":4},"end":{"line":37,"column":5}},"type":"if","locations":[{"start":{"line":28,"column":4},"end":{"line":37,"column":5}},{"start":{"line":30,"column":11},"end":{"line":37,"column":5}}],"line":28},"2":{"loc":{"start":{"line":30,"column":11},"end":{"line":37,"column":5}},"type":"if","locations":[{"start":{"line":30,"column":11},"end":{"line":37,"column":5}},{"start":{"line":32,"column":11},"end":{"line":37,"column":5}}],"line":30},"3":{"loc":{"start":{"line":32,"column":11},"end":{"line":37,"column":5}},"type":"if","locations":[{"start":{"line":32,"column":11},"end":{"line":37,"column":5}},{"start":{"line":35,"column":11},"end":{"line":37,"column":5}}],"line":32}},"s":{"0":1,"1":2,"2":1,"3":2,"4":1,"5":2,"6":1,"7":2,"8":2,"9":0,"10":0,"11":1,"12":1,"13":1,"14":1,"15":1,"16":5,"17":1,"18":4,"19":2,"20":2,"21":1,"22":1,"23":1,"24":5,"25":1,"26":6,"27":1,"28":1,"29":1,"30":1,"31":1,"32":1},"f":{"0":2,"1":2,"2":2,"3":2,"4":1,"5":5,"6":6,"7":1},"b":{"0":[2,0,0],"1":[1,4],"2":[2,2],"3":[1,1]},"_coverageSchema":"1a1c01bbd47fc00a2c39e90264f33305004495a9","hash":"a86e0cbccee00d34b17f8822a0979d60d61373ce"}
}
