TN:
SF:src/index.js
FN:6,(anonymous_0)
FN:7,(anonymous_1)
FN:8,(anonymous_2)
FN:10,(anonymous_3)
FN:21,(anonymous_4)
FN:27,(anonymous_5)
FN:41,(anonymous_6)
FN:46,(anonymous_7)
FNF:8
FNH:8
FNDA:2,(anonymous_0)
FNDA:2,(anonymous_1)
FNDA:2,(anonymous_2)
FNDA:2,(anonymous_3)
FNDA:1,(anonymous_4)
FNDA:5,(anonymous_5)
FNDA:6,(anonymous_6)
FNDA:1,(anonymous_7)
DA:6,2
DA:7,2
DA:8,2
DA:10,1
DA:11,2
DA:13,2
DA:15,0
DA:17,0
DA:21,1
DA:22,1
DA:23,1
DA:25,1
DA:27,1
DA:28,5
DA:29,1
DA:30,4
DA:31,2
DA:32,2
DA:33,1
DA:34,1
DA:36,1
DA:38,5
DA:41,6
DA:43,1
DA:46,1
DA:47,1
DA:48,1
DA:50,1
DA:51,1
LF:29
LH:27
BRDA:11,0,0,2
BRDA:11,0,1,0
BRDA:11,0,2,0
BRDA:28,1,0,1
BRDA:28,1,1,4
BRDA:30,2,0,2
BRDA:30,2,1,2
BRDA:32,3,0,1
BRDA:32,3,1,1
BRF:9
BRH:7
end_of_record
