TN:
SF:formatters/index.js
FN:5,(anonymous_0)
FNF:1
FNH:1
FNDA:4,(anonymous_0)
DA:5,1
DA:6,4
DA:8,2
DA:10,2
DA:12,0
DA:14,0
LF:6
LH:4
BRDA:6,0,0,2
BRDA:6,0,1,2
BRDA:6,0,2,0
BRDA:6,0,3,0
BRF:4
BRH:2
end_of_record
TN:
SF:formatters/json.js
FN:1,(anonymous_0)
FNF:1
FNH:0
FNDA:0,(anonymous_0)
DA:1,0
LF:1
LH:0
BRF:0
BRH:0
end_of_record
TN:
SF:formatters/plain.js
FN:3,(anonymous_0)
FN:4,(anonymous_1)
FN:14,(anonymous_2)
FN:15,(anonymous_3)
FN:30,(anonymous_4)
FNF:5
FNH:5
FNDA:2,(anonymous_0)
FNDA:26,(anonymous_1)
FNDA:10,(anonymous_2)
FNDA:36,(anonymous_3)
FNDA:36,(anonymous_4)
DA:3,1
DA:4,2
DA:5,26
DA:6,6
DA:8,20
DA:9,14
DA:11,6
DA:14,10
DA:16,36
DA:17,36
DA:19,10
DA:21,4
DA:23,8
DA:25,8
DA:27,6
DA:30,36
DA:33,2
LF:17
LH:17
BRDA:5,0,0,6
BRDA:5,0,1,20
BRDA:8,1,0,14
BRDA:8,1,1,6
BRDA:14,2,0,2
BRDA:16,3,0,28
BRDA:16,3,1,8
BRDA:17,4,0,10
BRDA:17,4,1,4
BRDA:17,4,2,8
BRDA:17,4,3,8
BRDA:17,4,4,6
BRF:12
BRH:12
end_of_record
TN:
SF:formatters/stylish.js
FN:10,(anonymous_0)
FN:12,(anonymous_1)
FN:14,(anonymous_2)
FN:18,(anonymous_3)
FN:32,(anonymous_4)
FN:38,(anonymous_5)
FN:38,(anonymous_6)
FNF:7
FNH:7
FNDA:76,(anonymous_0)
FNDA:54,(anonymous_1)
FNDA:18,(anonymous_2)
FNDA:36,(anonymous_3)
FNDA:28,(anonymous_4)
FNDA:2,(anonymous_5)
FNDA:8,(anonymous_6)
DA:3,1
DA:10,76
DA:12,1
DA:13,54
DA:14,18
DA:15,14
DA:18,1
DA:21,36
DA:22,36
DA:24,36
DA:28,20
DA:30,8
DA:32,28
DA:34,0
DA:38,8
LF:15
LH:14
BRDA:12,0,0,0
BRDA:13,1,0,40
BRDA:13,1,1,14
BRDA:18,2,0,8
BRDA:24,3,0,10
BRDA:24,3,1,14
BRDA:24,3,2,20
BRDA:24,3,3,8
BRDA:24,3,4,8
BRDA:24,3,5,0
BRF:10
BRH:8
end_of_record
TN:
SF:src/index.js
FN:7,(anonymous_0)
FN:8,(anonymous_1)
FN:9,(anonymous_2)
FN:11,(anonymous_3)
FN:17,(anonymous_4)
FN:33,(anonymous_5)
FNF:6
FNH:6
FNDA:8,(anonymous_0)
FNDA:8,(anonymous_1)
FNDA:8,(anonymous_2)
FNDA:20,(anonymous_3)
FNDA:72,(anonymous_4)
FNDA:4,(anonymous_5)
DA:7,8
DA:8,8
DA:9,8
DA:11,1
DA:12,20
DA:13,20
DA:15,20
DA:17,20
DA:18,72
DA:19,20
DA:20,52
DA:21,8
DA:22,44
DA:23,16
DA:24,28
DA:25,16
DA:29,12
DA:33,1
DA:34,4
DA:35,4
DA:36,4
DA:37,4
DA:38,4
DA:39,4
LF:24
LH:24
BRDA:18,0,0,20
BRDA:18,0,1,52
BRDA:20,1,0,8
BRDA:20,1,1,44
BRDA:22,2,0,16
BRDA:22,2,1,28
BRDA:22,3,0,44
BRDA:22,3,1,20
BRDA:24,4,0,16
BRDA:24,4,1,12
BRDA:33,5,0,0
BRF:11
BRH:10
end_of_record
TN:
SF:src/parser.js
FN:3,(anonymous_0)
FNF:1
FNH:1
FNDA:8,(anonymous_0)
DA:3,1
DA:4,8
DA:6,4
DA:8,4
DA:10,0
LF:5
LH:4
BRDA:4,0,0,4
BRDA:4,0,1,4
BRDA:4,0,2,0
BRF:3
BRH:2
end_of_record
